Build started 11/8/2010 7:39:44 PM.
     1>Project "C:\Users\Public\Documents\MDBoyd CS175 HW4\TextureMapping.vcxproj" on node 2 (build target(s)).
     1>InitializeBuildStatus:
         Touching "Debug\TextureMapping.unsuccessfulbuild".
       ClCompile:
         All outputs are up-to-date.
       ManifestResourceCompile:
         All outputs are up-to-date.
       Link:
         C:\Program Files (x86)\Microsoft Visual Studio 10.0\VC\bin\link.exe /ERRORREPORT:PROMPT /OUT:"C:\Users\Public\Documents\MDBoyd CS175 HW4\Debug\TextureMapping.exe" /INCREMENTAL /NOLOGO /LIBPATH:.\Libraries\GLTools\lib\win32 /LIBPATH:".\Libraries\freeglut-2.6.0\lib\win32" /LIBPATH:".\Libraries\glew-1.5.5\lib\win32" gltools.lib freeglut_static.lib glew32s.lib /MANIFEST /ManifestFile:"Debug\TextureMapping.exe.intermediate.manifest" /MANIFESTUAC:"level='asInvoker' uiAccess='false'" /DEBUG /PDB:"C:\Users\Public\Documents\MDBoyd CS175 HW4\Debug\TextureMapping.pdb" /SUBSYSTEM:CONSOLE /TLBID:1 /DYNAMICBASE /NXCOMPAT /IMPLIB:"C:\Users\Public\Documents\MDBoyd CS175 HW4\Debug\TextureMapping.lib" /MACHINE:X86 Debug\TextureMapping.exe.embed.manifest.res
         Debug\Camera.obj
         Debug\main.obj
         Debug\shaders.obj
     1>LINK : warning LNK4098: defaultlib 'LIBCMT' conflicts with use of other libs; use /NODEFAULTLIB:library
     1>gltools.lib(GLBatch.obj) : warning LNK4204: 'C:\Users\Public\Documents\MDBoyd CS175 HW4\Debug\vc100.pdb' is missing debugging information for referencing module; linking object as if no debug info
     1>gltools.lib(glew.obj) : warning LNK4204: 'C:\Users\Public\Documents\MDBoyd CS175 HW4\Debug\vc100.pdb' is missing debugging information for referencing module; linking object as if no debug info
     1>gltools.lib(GLTools.obj) : warning LNK4204: 'C:\Users\Public\Documents\MDBoyd CS175 HW4\Debug\vc100.pdb' is missing debugging information for referencing module; linking object as if no debug info
     1>gltools.lib(GLTriangleBatch.obj) : warning LNK4204: 'C:\Users\Public\Documents\MDBoyd CS175 HW4\Debug\vc100.pdb' is missing debugging information for referencing module; linking object as if no debug info
       Manifest:
         C:\Program Files (x86)\Microsoft SDKs\Windows\v7.0A\bin\mt.exe /nologo /verbose /out:"Debug\TextureMapping.exe.embed.manifest" /manifest Debug\TextureMapping.exe.intermediate.manifest
         All outputs are up-to-date.
       LinkEmbedManifest:
         All outputs are up-to-date.
         TextureMapping.vcxproj -> C:\Users\Public\Documents\MDBoyd CS175 HW4\Debug\TextureMapping.exe
       FinalizeBuildStatus:
         Deleting file "Debug\TextureMapping.unsuccessfulbuild".
         Touching "Debug\TextureMapping.lastbuildstate".
     1>Done Building Project "C:\Users\Public\Documents\MDBoyd CS175 HW4\TextureMapping.vcxproj" (build target(s)).

Build succeeded.

Time Elapsed 00:00:00.42
